/Users/s1886853/miniconda3/envs/main_env/lib/python3.6/site-packages/quast-5.0.2-py3.6.egg-info/scripts/quast.py /Users/s1886853/TERGO/NEK_assemblies/Assemblies/NEK_END.fasta /Users/s1886853/TERGO/NEK_assemblies/Assemblies/NEK_START.fasta /Users/s1886853/TERGO/NEK_assemblies/Assemblies/NEK_clone_2.fasta /Users/s1886853/TERGO/NEK_assemblies/Assemblies/NEK_clone_3.fasta /Users/s1886853/TERGO/NEK_assemblies/Assemblies/NEK_clone_4.fasta /Users/s1886853/TERGO/NEK_assemblies/Assemblies/NEK_clone_5.fasta -r /Users/s1886853/TERGO/Reference_genomes/TriTrypDB-44_TbruceiTREU927_Genome.fasta -g /Users/s1886853/TERGO/Reference_genomes/TriTrypDB-44_TbruceiTREU927.gff --ref-bam /Users/s1886853/TERGO/NEK_assemblies/927_aln/NEK_END_sorted.bam --ref-bam /Users/s1886853/TERGO/NEK_assemblies/927_aln/NEK_START_sorted.bam --ref-bam /Users/s1886853/TERGO/NEK_assemblies/927_aln/Clone_2_sorted.bam --ref-bam /Users/s1886853/TERGO/NEK_assemblies/927_aln/Clone_3_sorted.bam --ref-bam /Users/s1886853/TERGO/NEK_assemblies/927_aln/Clone_4_sorted.bam --ref-bam /Users/s1886853/TERGO/NEK_assemblies/927_aln/Clone_5_sorted.bam -e

Version: 5.0.2, b7350347c

System information:
  OS: Darwin-18.7.0-x86_64-i386-64bit (macosx)
  Python version: 3.6.7
  CPUs number: 16

Started: 2019-08-20 13:58:04

Logging to /Users/s1886853/TERGO/Scripts/quast_results/results_2019_08_20_13_58_04/quast.log
NOTICE: Maximum number of threads is set to 4 (use --threads option to set it manually)

CWD: /Users/s1886853/TERGO/Scripts
Main parameters: 
  MODE: default, threads: 4, eukaryotic: true, minimum contig length: 500, minimum alignment length: 65, \
  ambiguity: one, threshold for extensive misassembly size: 1000

Reference:
  /Users/s1886853/TERGO/Reference_genomes/TriTrypDB-44_TbruceiTREU927_Genome.fasta ==> TriTrypDB_44_TbruceiTREU927_Genome

Contigs:
  Pre-processing...
  1  /Users/s1886853/TERGO/NEK_assemblies/Assemblies/NEK_END.fasta ==> NEK_END
  2  /Users/s1886853/TERGO/NEK_assemblies/Assemblies/NEK_START.fasta ==> NEK_START
  3  /Users/s1886853/TERGO/NEK_assemblies/Assemblies/NEK_clone_2.fasta ==> NEK_clone_2
  4  /Users/s1886853/TERGO/NEK_assemblies/Assemblies/NEK_clone_3.fasta ==> NEK_clone_3
  5  /Users/s1886853/TERGO/NEK_assemblies/Assemblies/NEK_clone_4.fasta ==> NEK_clone_4
  6  /Users/s1886853/TERGO/NEK_assemblies/Assemblies/NEK_clone_5.fasta ==> NEK_clone_5

2019-08-20 13:58:09
Running Basic statistics processor...
